Started GET "/" for ::1 at 2020-04-25 07:18:20 -0700
  
ActiveRecord::NoDatabaseError (FATAL:  database "song_app_api_development" does not exist
):
  
activerecord (6.0.2.2) lib/active_record/connection_adapters/postgresql_adapter.rb:50:in `rescue in postgresql_connection'
activerecord (6.0.2.2) lib/active_record/connection_adapters/postgresql_adapter.rb:33:in `postgresql_connection'
activerecord (6.0.2.2) lib/active_record/connection_adapters/abstract/connection_pool.rb:889:in `new_connection'
activerecord (6.0.2.2) lib/active_record/connection_adapters/abstract/connection_pool.rb:933:in `checkout_new_connection'
activerecord (6.0.2.2) lib/active_record/connection_adapters/abstract/connection_pool.rb:912:in `try_to_checkout_new_connection'
activerecord (6.0.2.2) lib/active_record/connection_adapters/abstract/connection_pool.rb:873:in `acquire_connection'
activerecord (6.0.2.2) lib/active_record/connection_adapters/abstract/connection_pool.rb:595:in `checkout'
activerecord (6.0.2.2) lib/active_record/connection_adapters/abstract/connection_pool.rb:439:in `connection'
activerecord (6.0.2.2) lib/active_record/connection_adapters/abstract/connection_pool.rb:1121:in `retrieve_connection'
activerecord (6.0.2.2) lib/active_record/connection_handling.rb:238:in `retrieve_connection'
activerecord (6.0.2.2) lib/active_record/connection_handling.rb:206:in `connection'
activerecord (6.0.2.2) lib/active_record/migration.rb:562:in `call'
actionpack (6.0.2.2) lib/action_dispatch/middleware/callbacks.rb:27:in `block in call'
activesupport (6.0.2.2) lib/active_support/callbacks.rb:101:in `run_callbacks'
actionpack (6.0.2.2) lib/action_dispatch/middleware/callbacks.rb:26:in `call'
actionpack (6.0.2.2) lib/action_dispatch/middleware/executor.rb:14:in `call'
actionpack (6.0.2.2) lib/action_dispatch/middleware/actionable_exceptions.rb:17:in `call'
actionpack (6.0.2.2) lib/action_dispatch/middleware/debug_exceptions.rb:32:in `call'
actionpack (6.0.2.2) lib/action_dispatch/middleware/show_exceptions.rb:33:in `call'
railties (6.0.2.2) lib/rails/rack/logger.rb:38:in `call_app'
railties (6.0.2.2) lib/rails/rack/logger.rb:26:in `block in call'
activesupport (6.0.2.2) lib/active_support/tagged_logging.rb:80:in `block in tagged'
activesupport (6.0.2.2) lib/active_support/tagged_logging.rb:28:in `tagged'
activesupport (6.0.2.2) lib/active_support/tagged_logging.rb:80:in `tagged'
railties (6.0.2.2) lib/rails/rack/logger.rb:26:in `call'
actionpack (6.0.2.2) lib/action_dispatch/middleware/remote_ip.rb:81:in `call'
actionpack (6.0.2.2) lib/action_dispatch/middleware/request_id.rb:27:in `call'
rack (2.2.2) lib/rack/runtime.rb:22:in `call'
activesupport (6.0.2.2) lib/active_support/cache/strategy/local_cache_middleware.rb:29:in `call'
actionpack (6.0.2.2) lib/action_dispatch/middleware/executor.rb:14:in `call'
actionpack (6.0.2.2) lib/action_dispatch/middleware/static.rb:126:in `call'
rack (2.2.2) lib/rack/sendfile.rb:110:in `call'
actionpack (6.0.2.2) lib/action_dispatch/middleware/host_authorization.rb:83:in `call'
railties (6.0.2.2) lib/rails/engine.rb:526:in `call'
puma (4.3.3) lib/puma/configuration.rb:228:in `call'
puma (4.3.3) lib/puma/server.rb:682:in `handle_request'
puma (4.3.3) lib/puma/server.rb:472:in `process_client'
puma (4.3.3) lib/puma/server.rb:328:in `block in run'
puma (4.3.3) lib/puma/thread_pool.rb:134:in `block in spawn_thread'
  [1m[35m (851.5ms)[0m  [1m[35mCREATE DATABASE "song_app_api_development" ENCODING = 'unicode'[0m
  [1m[35m (796.9ms)[0m  [1m[35mCREATE DATABASE "song_app_api_test" ENCODING = 'unicode'[0m
Started GET "/" for ::1 at 2020-04-25 07:18:59 -0700
Processing by Rails::WelcomeController#index as HTML
  Rendering /Library/Ruby/Gems/2.6.0/gems/railties-6.0.2.2/lib/rails/templates/rails/welcome/index.html.erb
  Rendered /Library/Ruby/Gems/2.6.0/gems/railties-6.0.2.2/lib/rails/templates/rails/welcome/index.html.erb (Duration: 44.6ms | Allocations: 315)
Completed 200 OK in 54ms (Views: 48.6ms | ActiveRecord: 0.0ms | Allocations: 1598)


  [1m[35m (9.8ms)[0m  [1m[35mCREATE TABLE "schema_migrations" ("version" character varying NOT NULL PRIMARY KEY)[0m
  [1m[35m (5.2ms)[0m  [1m[35mCREATE TABLE "ar_internal_metadata" ("key" character varying NOT NULL PRIMARY KEY, "value" character varying, "created_at" timestamp(6) NOT NULL, "updated_at" timestamp(6) NOT NULL)[0m
  [1m[35m (25.9ms)[0m  [1m[34mSELECT pg_try_advisory_lock(1582447486568572995)[0m
  [1m[35m (1.1ms)[0m  [1m[34mSELECT "schema_migrations"."version" FROM "schema_migrations" ORDER BY "schema_migrations"."version" ASC[0m
Migrating to CreateSong (20200425141937)
  [1m[35m (25.1ms)[0m  [1m[35mBEGIN[0m
  [1m[35m (20.3ms)[0m  [1m[35mCREATE TABLE "songs" ("id" bigserial primary key, "title" character varying, "artist_name" character varying, "artwork" character varying)[0m
  [1m[36mprimary::SchemaMigration Create (1.1ms)[0m  [1m[32mINSERT INTO "schema_migrations" ("version") VALUES ($1) RETURNING "version"[0m  [["version", "20200425141937"]]
  [1m[35m (0.7ms)[0m  [1m[35mCOMMIT[0m
  [1m[36mActiveRecord::InternalMetadata Load (0.8ms)[0m  [1m[34mSELECT "ar_internal_metadata".* FROM "ar_internal_metadata" WHERE "ar_internal_metadata"."key" = $1 LIMIT $2[0m  [["key", "environment"], ["LIMIT", 1]]
  [1m[35m (25.6ms)[0m  [1m[35mBEGIN[0m
  [1m[36mActiveRecord::InternalMetadata Create (2.1ms)[0m  [1m[32mINSERT INTO "ar_internal_metadata" ("key", "value", "created_at", "updated_at") VALUES ($1, $2, $3, $4) RETURNING "key"[0m  [["key", "environment"], ["value", "development"], ["created_at", "2020-04-25 14:21:52.401375"], ["updated_at", "2020-04-25 14:21:52.401375"]]
  [1m[35m (0.7ms)[0m  [1m[35mCOMMIT[0m
  [1m[35m (0.4ms)[0m  [1m[34mSELECT pg_advisory_unlock(1582447486568572995)[0m
  [1m[35m (3.3ms)[0m  [1m[34mSELECT "schema_migrations"."version" FROM "schema_migrations" ORDER BY "schema_migrations"."version" ASC[0m
  [1m[35m (1.4ms)[0m  [1m[34mSELECT "schema_migrations"."version" FROM "schema_migrations" ORDER BY "schema_migrations"."version" ASC[0m
  [1m[35m (1.5ms)[0m  [1m[34mSELECT "schema_migrations"."version" FROM "schema_migrations" ORDER BY "schema_migrations"."version" ASC[0m
  [1m[35m (1.4ms)[0m  [1m[34mSELECT "schema_migrations"."version" FROM "schema_migrations" ORDER BY "schema_migrations"."version" ASC[0m
  [1m[35m (1.3ms)[0m  [1m[34mSELECT "schema_migrations"."version" FROM "schema_migrations" ORDER BY "schema_migrations"."version" ASC[0m
  [1m[35m (0.4ms)[0m  [1m[35mBEGIN[0m
  [1m[36mSongs Create (2.0ms)[0m  [1m[32mINSERT INTO "songs" ("title", "artist_name", "artwork") VALUES ($1, $2, $3) RETURNING "id"[0m  [["title", "Deep v meh farm-to-table helvetica."], ["artist_name", "Wyoming foes"], ["artwork", "https://placehold.it/300x300.png"]]
  [1m[35m (0.9ms)[0m  [1m[35mCOMMIT[0m
  [1m[35m (11.8ms)[0m  [1m[35mBEGIN[0m
  [1m[36mSongs Create (0.5ms)[0m  [1m[32mINSERT INTO "songs" ("title", "artist_name", "artwork") VALUES ($1, $2, $3) RETURNING "id"[0m  [["title", "Pug asymmetrical chartreuse messenger bag."], ["artist_name", "Vermont zebras"], ["artwork", "https://placehold.it/300x300.png"]]
  [1m[35m (0.6ms)[0m  [1m[35mCOMMIT[0m
  [1m[35m (30.5ms)[0m  [1m[35mBEGIN[0m
  [1m[36mSongs Create (26.9ms)[0m  [1m[32mINSERT INTO "songs" ("title", "artist_name", "artwork") VALUES ($1, $2, $3) RETURNING "id"[0m  [["title", "Direct trade wolf artisan mustache normcore pabst meggings ramps tumblr."], ["artist_name", "Ohio worshipers"], ["artwork", "https://placehold.it/300x300.png"]]
  [1m[35m (0.9ms)[0m  [1m[35mCOMMIT[0m
  [1m[35m (0.3ms)[0m  [1m[35mBEGIN[0m
  [1m[36mSongs Create (0.5ms)[0m  [1m[32mINSERT INTO "songs" ("title", "artist_name", "artwork") VALUES ($1, $2, $3) RETURNING "id"[0m  [["title", "Biodiesel hella crucifix narwhal yuccie put a bird on it semiotics."], ["artist_name", "Alaska black cats"], ["artwork", "https://placehold.it/300x300.png"]]
  [1m[35m (0.6ms)[0m  [1m[35mCOMMIT[0m
  [1m[35m (24.0ms)[0m  [1m[35mBEGIN[0m
  [1m[36mSongs Create (0.9ms)[0m  [1m[32mINSERT INTO "songs" ("title", "artist_name", "artwork") VALUES ($1, $2, $3) RETURNING "id"[0m  [["title", "Knausgaard fixie vice helvetica polaroid."], ["artist_name", "Nebraska oxen"], ["artwork", "https://placehold.it/300x300.png"]]
  [1m[35m (0.5ms)[0m  [1m[35mCOMMIT[0m
  [1m[35m (0.2ms)[0m  [1m[35mBEGIN[0m
  [1m[36mSongs Create (9.2ms)[0m  [1m[32mINSERT INTO "songs" ("title", "artist_name", "artwork") VALUES ($1, $2, $3) RETURNING "id"[0m  [["title", "Five dollar toast carry polaroid normcore cleanse."], ["artist_name", "Illinois wolves"], ["artwork", "https://placehold.it/300x300.png"]]
  [1m[35m (25.8ms)[0m  [1m[35mCOMMIT[0m
  [1m[35m (0.2ms)[0m  [1m[35mBEGIN[0m
  [1m[36mSongs Create (0.6ms)[0m  [1m[32mINSERT INTO "songs" ("title", "artist_name", "artwork") VALUES ($1, $2, $3) RETURNING "id"[0m  [["title", "You probably haven't heard of them flexitarian schlitz whatever lomo cliche."], ["artist_name", "South Dakota wolves"], ["artwork", "https://placehold.it/300x300.png"]]
  [1m[35m (0.7ms)[0m  [1m[35mCOMMIT[0m
  [1m[35m (0.7ms)[0m  [1m[35mBEGIN[0m
  [1m[36mSongs Create (25.9ms)[0m  [1m[32mINSERT INTO "songs" ("title", "artist_name", "artwork") VALUES ($1, $2, $3) RETURNING "id"[0m  [["title", "Twee vinegar trust fund vegan meggings."], ["artist_name", "Missouri giants"], ["artwork", "https://placehold.it/300x300.png"]]
  [1m[35m (0.5ms)[0m  [1m[35mCOMMIT[0m
  [1m[35m (4.7ms)[0m  [1m[35mBEGIN[0m
  [1m[36mSongs Create (7.5ms)[0m  [1m[32mINSERT INTO "songs" ("title", "artist_name", "artwork") VALUES ($1, $2, $3) RETURNING "id"[0m  [["title", "Tacos trust fund shabby chic loko."], ["artist_name", "Arkansas foes"], ["artwork", "https://placehold.it/300x300.png"]]
  [1m[35m (31.1ms)[0m  [1m[35mCOMMIT[0m
  [1m[35m (0.3ms)[0m  [1m[35mBEGIN[0m
  [1m[36mSongs Create (0.5ms)[0m  [1m[32mINSERT INTO "songs" ("title", "artist_name", "artwork") VALUES ($1, $2, $3) RETURNING "id"[0m  [["title", "Schlitz chia franzen yuccie waistcoat swag literally mlkshk."], ["artist_name", "South Dakota warlocks"], ["artwork", "https://placehold.it/300x300.png"]]
  [1m[35m (0.8ms)[0m  [1m[35mCOMMIT[0m
  [1m[36mSongs Load (0.6ms)[0m  [1m[34mSELECT "songs".* FROM "songs" LIMIT $1[0m  [["LIMIT", 11]]
  [1m[36mSongs Load (49.4ms)[0m  [1m[34mSELECT "songs".* FROM "songs"[0m
Started GET "/" for ::1 at 2020-04-25 08:32:17 -0700
  [1m[35m (2.8ms)[0m  [1m[34mSELECT "schema_migrations"."version" FROM "schema_migrations" ORDER BY "schema_migrations"."version" ASC[0m
Processing by Rails::WelcomeController#index as HTML
  Rendering /Library/Ruby/Gems/2.6.0/gems/railties-6.0.2.2/lib/rails/templates/rails/welcome/index.html.erb
  Rendered /Library/Ruby/Gems/2.6.0/gems/railties-6.0.2.2/lib/rails/templates/rails/welcome/index.html.erb (Duration: 15.4ms | Allocations: 315)
Completed 200 OK in 106ms (Views: 25.6ms | ActiveRecord: 0.0ms | Allocations: 1597)


Started GET "/songs" for ::1 at 2020-04-25 08:32:24 -0700
Processing by SongsController#index as HTML
Completed 200 OK in 1ms (Views: 0.2ms | ActiveRecord: 0.0ms | Allocations: 128)


Started GET "/songs" for ::1 at 2020-04-25 08:33:46 -0700
  
SyntaxError (/Users/aarikrobles/Desktop/student_examples/song_app_api/app/controllers/songs_controller.rb:3: syntax error, unexpected tLABEL
...     render json: ActiveRecord: Base.connection.execute('SEL...
...                  ^~~~~~~~~~~~~):
  
app/controllers/songs_controller.rb:3: syntax error, unexpected tLABEL
app/controllers/songs_controller.rb:3: syntax error, unexpected tLABEL
Started GET "/songs" for ::1 at 2020-04-25 08:34:24 -0700
Processing by SongsController#index as HTML
  [1m[35m (3.3ms)[0m  [1m[34mSELECT * FROM songs;[0m
  ↳ app/controllers/songs_controller.rb:3:in `index'
Completed 200 OK in 26ms (Views: 0.8ms | ActiveRecord: 3.3ms | Allocations: 1064)


Started GET "/songs" for ::1 at 2020-04-25 08:35:27 -0700
Processing by SongsController#index as HTML
Completed 500 Internal Server Error in 3ms (ActiveRecord: 0.0ms | Allocations: 1611)


  
NameError (uninitialized constant SongsController::Song):
  
app/controllers/songs_controller.rb:3:in `index'
Started GET "/songs" for ::1 at 2020-04-25 08:35:33 -0700
Processing by SongsController#index as HTML
  [1m[36mSongs Load (11.3ms)[0m  [1m[34mSELECT "songs".* FROM "songs"[0m
  ↳ app/controllers/songs_controller.rb:3:in `index'
Completed 200 OK in 82ms (Views: 12.4ms | ActiveRecord: 58.7ms | Allocations: 4816)


Started GET "/songs" for ::1 at 2020-04-25 08:36:34 -0700
Processing by SongsController#index as HTML
Completed 500 Internal Server Error in 3ms (ActiveRecord: 0.0ms | Allocations: 1596)


  
NameError (uninitialized constant SongsController::Song):
  
app/controllers/songs_controller.rb:3:in `index'
Started GET "/songs" for ::1 at 2020-04-25 08:36:41 -0700
Processing by SongsController#index as HTML
  [1m[36mSongs Load (21.1ms)[0m  [1m[34mSELECT "songs".* FROM "songs"[0m
  ↳ app/controllers/songs_controller.rb:4:in `index'
Completed 200 OK in 91ms (Views: 31.4ms | ActiveRecord: 56.2ms | Allocations: 4512)


Started GET "/songs/2" for ::1 at 2020-04-25 08:51:44 -0700
Processing by SongsController#show as HTML
  Parameters: {"id"=>"2"}
Completed 500 Internal Server Error in 5ms (ActiveRecord: 0.0ms | Allocations: 1596)


  
NameError (uninitialized constant SongsController::Song):
  
app/controllers/songs_controller.rb:8:in `show'
Started GET "/songs/2" for ::1 at 2020-04-25 08:51:54 -0700
Processing by SongsController#show as HTML
  Parameters: {"id"=>"2"}
  [1m[36mSongs Load (0.8ms)[0m  [1m[34mSELECT "songs".* FROM "songs" WHERE "songs"."id" = $1 LIMIT $2[0m  [["id", 2], ["LIMIT", 1]]
  ↳ app/controllers/songs_controller.rb:8:in `show'
Completed 200 OK in 102ms (Views: 0.3ms | ActiveRecord: 80.6ms | Allocations: 3957)


Started GET "/songs/2" for ::1 at 2020-04-25 08:53:55 -0700
Processing by SongsController#show as HTML
  Parameters: {"id"=>"2"}
Completed 204 No Content in 0ms (ActiveRecord: 0.0ms | Allocations: 49)


Started GET "/songs" for ::1 at 2020-04-25 11:19:03 -0700
  [1m[35m (1.5ms)[0m  [1m[34mSELECT "schema_migrations"."version" FROM "schema_migrations" ORDER BY "schema_migrations"."version" ASC[0m
Processing by SongsController#index as HTML
  [1m[36mSongs Load (196.7ms)[0m  [1m[34mSELECT "songs".* FROM "songs"[0m
  ↳ app/controllers/songs_controller.rb:4:in `index'
Completed 200 OK in 388ms (Views: 37.1ms | ActiveRecord: 340.3ms | Allocations: 4848)


Started POST "/songs" for ::1 at 2020-04-25 11:23:36 -0700
Processing by SongsController#create as */*
  Parameters: {"song"=>{"title"=>"Song", "artist_name"=>"Loki", "atrwork"=>"None"}}
[31mUnpermitted parameter: :atrwork[0m
  [1m[35m (3.2ms)[0m  [1m[35mBEGIN[0m
  ↳ app/controllers/songs_controller.rb:14:in `create'
  [1m[36mSongs Create (60.2ms)[0m  [1m[32mINSERT INTO "songs" ("title", "artist_name") VALUES ($1, $2) RETURNING "id"[0m  [["title", "Song"], ["artist_name", "Loki"]]
  ↳ app/controllers/songs_controller.rb:14:in `create'
  [1m[35m (73.4ms)[0m  [1m[35mCOMMIT[0m
  ↳ app/controllers/songs_controller.rb:14:in `create'
Completed 201 Created in 159ms (Views: 3.3ms | ActiveRecord: 136.8ms | Allocations: 2399)


Started POST "/songs" for ::1 at 2020-04-25 11:24:14 -0700
Processing by SongsController#create as */*
  Parameters: {"song"=>{"title"=>"Song2", "artist_name"=>"Aarik", "artwork"=>"None"}}
  [1m[35m (2.2ms)[0m  [1m[35mBEGIN[0m
  ↳ app/controllers/songs_controller.rb:14:in `create'
  [1m[36mSongs Create (34.6ms)[0m  [1m[32mINSERT INTO "songs" ("title", "artist_name", "artwork") VALUES ($1, $2, $3) RETURNING "id"[0m  [["title", "Song2"], ["artist_name", "Aarik"], ["artwork", "None"]]
  ↳ app/controllers/songs_controller.rb:14:in `create'
  [1m[35m (0.8ms)[0m  [1m[35mCOMMIT[0m
  ↳ app/controllers/songs_controller.rb:14:in `create'
Completed 201 Created in 62ms (Views: 0.7ms | ActiveRecord: 37.6ms | Allocations: 2219)


Started GET "/songs" for ::1 at 2020-04-25 11:24:23 -0700
Processing by SongsController#index as */*
  Parameters: {"song"=>{"title"=>"Song2", "artist_name"=>"Aarik", "artwork"=>"None"}}
  [1m[36mSongs Load (5.2ms)[0m  [1m[34mSELECT "songs".* FROM "songs"[0m
  ↳ app/controllers/songs_controller.rb:4:in `index'
Completed 200 OK in 24ms (Views: 18.5ms | ActiveRecord: 5.2ms | Allocations: 1929)


Started POST "/songs" for ::1 at 2020-04-25 11:36:02 -0700
Processing by SongsController#create as */*
  Parameters: {"song"=>{"title"=>"Song2", "zartist_name"=>"Aarik", "artwork"=>"None"}}
Completed 500 Internal Server Error in 45ms (ActiveRecord: 0.0ms | Allocations: 171)


  
SyntaxError (/Users/aarikrobles/Desktop/student_examples/song_app_api/app/models/songs.rb:2: syntax error, unexpected ':', expecting end
    validates : artist_name, presence: true
              ^):
  
app/models/songs.rb:2: syntax error, unexpected ':', expecting end
app/models/songs.rb:2: syntax error, unexpected ':', expecting end
app/controllers/songs_controller.rb:13:in `create'
Started GET "/songs" for ::1 at 2020-04-25 11:38:02 -0700
Processing by SongsController#index as */*
  Parameters: {"song"=>{"title"=>"Song2", "artwork"=>"None", "zartist_name"=>""}}
Completed 500 Internal Server Error in 16ms (ActiveRecord: 0.0ms | Allocations: 166)


  
SyntaxError (/Users/aarikrobles/Desktop/student_examples/song_app_api/app/models/songs.rb:2: syntax error, unexpected ':', expecting end
    validates : artist_name, presence: true
              ^):
  
app/models/songs.rb:2: syntax error, unexpected ':', expecting end
app/models/songs.rb:2: syntax error, unexpected ':', expecting end
app/controllers/songs_controller.rb:3:in `index'
Started POST "/songs" for ::1 at 2020-04-25 11:40:18 -0700
Processing by SongsController#create as */*
  Parameters: {"song"=>{"title"=>"Song2", "artwork"=>"None", "zartist_name"=>"Aarik"}}
[31mUnpermitted parameter: :zartist_name[0m
Completed 422 Unprocessable Entity in 769ms (Views: 0.4ms | ActiveRecord: 334.9ms | Allocations: 184664)


Started GET "/songs" for ::1 at 2020-04-25 11:40:25 -0700
Processing by SongsController#index as */*
  Parameters: {"song"=>{"title"=>"Song2", "artwork"=>"None", "zartist_name"=>"Aarik"}}
  [1m[36mSongs Load (52.7ms)[0m  [1m[34mSELECT "songs".* FROM "songs"[0m
  ↳ app/controllers/songs_controller.rb:4:in `index'
Completed 200 OK in 60ms (Views: 7.0ms | ActiveRecord: 52.7ms | Allocations: 1970)


Started GET "/songs" for ::1 at 2020-04-25 12:20:05 -0700
  [1m[35m (2.4ms)[0m  [1m[34mSELECT "schema_migrations"."version" FROM "schema_migrations" ORDER BY "schema_migrations"."version" ASC[0m
Processing by SongsController#index as */*
  Parameters: {"book"=>{"title"=>"Cool book", "author"=>"Loki", "genre"=>"Fiction", "publisher"=>"Aarik's Book", "publish_date"=>"2020-04-15"}}
  [1m[36mSongs Load (33.3ms)[0m  [1m[34mSELECT "songs".* FROM "songs"[0m
  ↳ app/controllers/songs_controller.rb:4:in `index'
Completed 200 OK in 167ms (Views: 22.3ms | ActiveRecord: 130.9ms | Allocations: 5086)


Started DELETE "/songs/1" for ::1 at 2020-04-25 12:21:36 -0700
Processing by SongsController#destroy as */*
  Parameters: {"book"=>{"title"=>"Cool book", "author"=>"Loki", "genre"=>"Fiction", "publisher"=>"Aarik's Book", "publish_date"=>"2020-04-15"}, "id"=>"1"}
Completed 500 Internal Server Error in 18ms (ActiveRecord: 0.0ms | Allocations: 1587)


  
NameError (uninitialized constant SongsController::Song):
  
app/controllers/songs_controller.rb:28:in `destroy'
Started DELETE "/songs/1" for ::1 at 2020-04-25 12:22:20 -0700
Processing by SongsController#destroy as */*
  Parameters: {"book"=>{"title"=>"Cool book", "author"=>"Loki", "genre"=>"Fiction", "publisher"=>"Aarik's Book", "publish_date"=>"2020-04-15"}, "id"=>"1"}
Completed 500 Internal Server Error in 8ms (ActiveRecord: 0.0ms | Allocations: 1568)


  
NameError (uninitialized constant SongsController::Song):
  
app/controllers/songs_controller.rb:28:in `destroy'
Started DELETE "/songs/1" for ::1 at 2020-04-25 12:22:27 -0700
Processing by SongsController#destroy as */*
  Parameters: {"id"=>"1"}
Completed 500 Internal Server Error in 12ms (ActiveRecord: 0.0ms | Allocations: 1570)


  
NameError (uninitialized constant SongsController::Song):
  
app/controllers/songs_controller.rb:28:in `destroy'
Started GET "/songs/1" for ::1 at 2020-04-25 12:22:34 -0700
Processing by SongsController#show as */*
  Parameters: {"id"=>"1"}
  [1m[36mSongs Load (13.3ms)[0m  [1m[34mSELECT "songs".* FROM "songs" WHERE "songs"."id" = $1 LIMIT $2[0m  [["id", 1], ["LIMIT", 1]]
  ↳ app/controllers/songs_controller.rb:8:in `show'
Completed 200 OK in 67ms (Views: 1.6ms | ActiveRecord: 39.3ms | Allocations: 2313)


Started GET "/songs/" for ::1 at 2020-04-25 12:22:42 -0700
Processing by SongsController#index as */*
  [1m[36mSongs Load (50.9ms)[0m  [1m[34mSELECT "songs".* FROM "songs"[0m
  ↳ app/controllers/songs_controller.rb:4:in `index'
Completed 200 OK in 58ms (Views: 6.8ms | ActiveRecord: 50.9ms | Allocations: 1926)


Started DELETE "/songs/3" for ::1 at 2020-04-25 12:23:04 -0700
Processing by SongsController#destroy as */*
  Parameters: {"id"=>"3"}
Completed 500 Internal Server Error in 6ms (ActiveRecord: 0.0ms | Allocations: 1568)


  
NameError (uninitialized constant SongsController::Song):
  
app/controllers/songs_controller.rb:28:in `destroy'
Started DELETE "/songs/3" for ::1 at 2020-04-25 12:25:08 -0700
Processing by SongsController#destroy as */*
  Parameters: {"id"=>"3"}
  [1m[36mSongs Load (1.1ms)[0m  [1m[34mSELECT "songs".* FROM "songs" WHERE "songs"."id" = $1 LIMIT $2[0m  [["id", 3], ["LIMIT", 1]]
  ↳ app/controllers/songs_controller.rb:28:in `destroy'
  [1m[35m (28.6ms)[0m  [1m[35mBEGIN[0m
  ↳ app/controllers/songs_controller.rb:28:in `destroy'
  [1m[36mSongs Destroy (64.9ms)[0m  [1m[31mDELETE FROM "songs" WHERE "songs"."id" = $1[0m  [["id", 3]]
  ↳ app/controllers/songs_controller.rb:28:in `destroy'
  [1m[35m (179.0ms)[0m  [1m[35mCOMMIT[0m
  ↳ app/controllers/songs_controller.rb:28:in `destroy'
Completed 204 No Content in 755ms (Views: 0.3ms | ActiveRecord: 728.0ms | Allocations: 5214)


